<?xml version="1.0" encoding="UTF-8"?>
<!-- Generated by org.testng.reporters.JUnitReportReporter -->
<testsuite name="com.dev.appium.FacebookLogin" tests="2" time="68.440" ignored="0" failures="0" timestamp="15 Mar 2017 23:26:29 GMT" skipped="0" hostname="Dev-Macbook.local" errors="0">
  <testcase name="guru99App" time="43.459" classname="com.dev.appium.FacebookLogin"/>
  <testcase name="openFacebook" time="24.981" classname="com.dev.appium.FacebookLogin"/>
</testsuite> <!-- com.dev.appium.FacebookLogin -->
